<?xml version="1.0" encoding="UTF-8"?>
<!-- Generated by org.testng.reporters.JUnitReportReporter -->
<testsuite hostname="DESKTOP-80FMGN3" failures="0" tests="3" name="com.techpath.testcases.HomePage" time="15.117" errors="0" timestamp="07 Sep 2019 13:19:38 GMT" skipped="2">
  <testcase classname="com.techpath.testcases.HomePage" name="test3" time="15.117"/>
  <testcase classname="com.techpath.testcases.HomePage" name="test2">
    <skipped/>
  </testcase> <!-- test2 -->
  <testcase classname="com.techpath.testcases.HomePage" name="HomePage">
    <skipped/>
  </testcase> <!-- HomePage -->
</testsuite> <!-- com.techpath.testcases.HomePage -->
