<?xml version="1.0" encoding="UTF-8"?>
<!-- Generated by org.testng.reporters.JUnitReportReporter -->
<testsuite hostname="DESKTOP-80FMGN3" failures="0" tests="1" name="com.techpath.testcases.LoginTest" time="6.571" errors="0" timestamp="07 Sep 2019 18:53:14 GMT" skipped="0">
  <testcase classname="com.techpath.testcases.LoginTest" name="Login" time="6.571"/>
</testsuite> <!-- com.techpath.testcases.LoginTest -->
